<?xml version="1.0" encoding="UTF-8" ?>
<testsuite errors="0" failures="0" hostname="DESKTOP-77A2PSD" name="ec.test.StatisticsTest" skipped="0" tests="5" time="0.03" timestamp="2021-09-29T00:43:52">
  <properties>
[...]
</properties>
  <testcase classname="ec.test.StatisticsTest" name="testMax" time="0.005" />
  <testcase classname="ec.test.StatisticsTest" name="testMin" time="0.0" />
  <testcase classname="ec.test.StatisticsTest" name="testSTD" time="0.001" />
  <testcase classname="ec.test.StatisticsTest" name="testCount" time="0.0" />
  <testcase classname="ec.test.StatisticsTest" name="testMean" time="0.0" />
  <system-out><![CDATA[Testing has Started

getMax:5.0
Testing Complete
Testing has Started

getMin:1.0
Testing Complete
Testing has Started

getSTD:1.70293863659264
Testing Complete
Testing has Started

getCount:5.0
Testing Complete
Testing has Started

getMean:3.0
Testing Complete
]]></system-out>
  <system-err><![CDATA[]]></system-err>
</testsuite>
